2018-05-11 12:23:38 [scrapy.utils.log] INFO: Scrapy 1.5.0 started (bot: tencent1)
2018-05-11 12:23:38 [scrapy.utils.log] INFO: Versions: lxml 4.1.1.0, libxml2 2.9.7, cssselect 1.0.3, parsel 1.4.0, w3lib 1.19.0, Twisted 18.4.0, Python 3.6.4 |Anaconda, Inc.| (default, Jan 16 2018, 18:10:19) - [GCC 7.2.0], pyOpenSSL 17.5.0 (OpenSSL 1.0.2n  7 Dec 2017), cryptography 2.1.4, Platform Linux-4.13.0-41-generic-x86_64-with-debian-stretch-sid
2018-05-11 12:23:38 [scrapy.crawler] INFO: Overridden settings: {'BOT_NAME': 'tencent1', 'LOG_FILE': 'tencent.log', 'NEWSPIDER_MODULE': 'tencent1.spiders', 'SPIDER_MODULES': ['tencent1.spiders']}
2018-05-11 12:23:38 [scrapy.middleware] INFO: Enabled extensions:
['scrapy.extensions.corestats.CoreStats',
 'scrapy.extensions.telnet.TelnetConsole',
 'scrapy.extensions.memusage.MemoryUsage',
 'scrapy.extensions.logstats.LogStats']
2018-05-11 12:23:38 [scrapy.middleware] INFO: Enabled downloader middlewares:
['scrapy.downloadermiddlewares.httpauth.HttpAuthMiddleware',
 'scrapy.downloadermiddlewares.downloadtimeout.DownloadTimeoutMiddleware',
 'scrapy.downloadermiddlewares.defaultheaders.DefaultHeadersMiddleware',
 'scrapy.downloadermiddlewares.useragent.UserAgentMiddleware',
 'scrapy.downloadermiddlewares.retry.RetryMiddleware',
 'scrapy.downloadermiddlewares.redirect.MetaRefreshMiddleware',
 'scrapy.downloadermiddlewares.httpcompression.HttpCompressionMiddleware',
 'scrapy.downloadermiddlewares.redirect.RedirectMiddleware',
 'scrapy.downloadermiddlewares.cookies.CookiesMiddleware',
 'scrapy.downloadermiddlewares.httpproxy.HttpProxyMiddleware',
 'scrapy.downloadermiddlewares.stats.DownloaderStats']
2018-05-11 12:23:38 [scrapy.middleware] INFO: Enabled spider middlewares:
['scrapy.spidermiddlewares.httperror.HttpErrorMiddleware',
 'scrapy.spidermiddlewares.offsite.OffsiteMiddleware',
 'scrapy.spidermiddlewares.referer.RefererMiddleware',
 'scrapy.spidermiddlewares.urllength.UrlLengthMiddleware',
 'scrapy.spidermiddlewares.depth.DepthMiddleware']
2018-05-11 12:23:38 [scrapy.middleware] INFO: Enabled item pipelines:
['tencent1.pipelines.TencentPipeline']
2018-05-11 12:23:38 [scrapy.core.engine] INFO: Spider opened
2018-05-11 12:23:38 [scrapy.extensions.logstats] INFO: Crawled 0 pages (at 0 pages/min), scraped 0 items (at 0 items/min)
2018-05-11 12:23:38 [scrapy.extensions.telnet] DEBUG: Telnet console listening on 127.0.0.1:6023
2018-05-11 12:23:38 [scrapy.core.engine] DEBUG: Crawled (200) <GET https://hr.tencent.com/position.php?&start=0> (referer: None)
2018-05-11 12:23:39 [scrapy.core.engine] DEBUG: Crawled (200) <GET https://hr.tencent.com/position.php?&start=10#a> (referer: https://hr.tencent.com/position.php?&start=0)
2018-05-11 12:23:39 [scrapy.core.scraper] DEBUG: Scraped from <200 https://hr.tencent.com/position.php?&start=10>
{'cat': ['市场类'],
 'name': 'SNG17-游戏商务经理（深圳）',
 'people': '1',
 'place': '深圳',
 'publish': '2018-05-11'}
2018-05-11 12:23:39 [scrapy.core.scraper] DEBUG: Scraped from <200 https://hr.tencent.com/position.php?&start=10>
{'cat': ['市场类'],
 'name': 'SA-项目销售（北京）',
 'people': '1',
 'place': '北京',
 'publish': '2018-05-11'}
2018-05-11 12:23:39 [scrapy.core.scraper] DEBUG: Scraped from <200 https://hr.tencent.com/position.php?&start=10>
{'cat': ['产品/项目类'],
 'name': 'SA-腾讯社交广告SMB电商行业经理（深圳）',
 'people': '1',
 'place': '深圳',
 'publish': '2018-05-11'}
2018-05-11 12:23:39 [scrapy.core.scraper] DEBUG: Scraped from <200 https://hr.tencent.com/position.php?&start=10>
{'cat': ['产品/项目类'],
 'name': 'SNG04-结算平台产品策划经理（上海）',
 'people': '3',
 'place': '上海',
 'publish': '2018-05-11'}
2018-05-11 12:23:39 [scrapy.core.scraper] DEBUG: Scraped from <200 https://hr.tencent.com/position.php?&start=10>
{'cat': ['技术类'],
 'name': '22090-兴趣阅读-立知后台研发（深圳）',
 'people': '1',
 'place': '深圳',
 'publish': '2018-05-11'}
2018-05-11 12:23:39 [scrapy.core.scraper] DEBUG: Scraped from <200 https://hr.tencent.com/position.php?&start=10>
{'cat': ['技术类'],
 'name': '22090-兴趣阅读-立知IOS开发工程师（深圳）',
 'people': '1',
 'place': '深圳',
 'publish': '2018-05-11'}
2018-05-11 12:23:39 [scrapy.core.scraper] DEBUG: Scraped from <200 https://hr.tencent.com/position.php?&start=10>
{'cat': ['产品/项目类'],
 'name': '19822-影视制片经理（北京）',
 'people': '2',
 'place': '北京',
 'publish': '2018-05-11'}
2018-05-11 12:23:39 [scrapy.core.scraper] DEBUG: Scraped from <200 https://hr.tencent.com/position.php?&start=10>
{'cat': ['技术类'],
 'name': '25924-运营开发高级工程师（上海）',
 'people': '2',
 'place': '上海',
 'publish': '2018-05-11'}
2018-05-11 12:23:39 [scrapy.core.scraper] DEBUG: Scraped from <200 https://hr.tencent.com/position.php?&start=10>
{'cat': ['技术类'],
 'name': '25924-后台开发工程师（深圳）',
 'people': '1',
 'place': '深圳',
 'publish': '2018-05-11'}
2018-05-11 12:23:39 [scrapy.core.scraper] DEBUG: Scraped from <200 https://hr.tencent.com/position.php?&start=10>
{'cat': ['产品/项目类'],
 'name': 'MIG08-产品运营经理（广州）',
 'people': '1',
 'place': '广州',
 'publish': '2018-05-11'}
2018-05-11 12:23:39 [scrapy.core.engine] DEBUG: Crawled (200) <GET https://hr.tencent.com/position.php?&start=3960#a> (referer: https://hr.tencent.com/position.php?&start=0)
2018-05-11 12:23:39 [scrapy.core.engine] DEBUG: Crawled (200) <GET https://hr.tencent.com/position.php?&start=70#a> (referer: https://hr.tencent.com/position.php?&start=0)
2018-05-11 12:23:39 [scrapy.core.engine] DEBUG: Crawled (200) <GET https://hr.tencent.com/position.php?&start=60#a> (referer: https://hr.tencent.com/position.php?&start=0)
2018-05-11 12:23:39 [scrapy.core.engine] DEBUG: Crawled (200) <GET https://hr.tencent.com/position.php?&start=40#a> (referer: https://hr.tencent.com/position.php?&start=0)
2018-05-11 12:23:39 [scrapy.core.engine] DEBUG: Crawled (200) <GET https://hr.tencent.com/position.php?&start=30#a> (referer: https://hr.tencent.com/position.php?&start=0)
2018-05-11 12:23:39 [scrapy.core.engine] DEBUG: Crawled (200) <GET https://hr.tencent.com/position.php?&start=20#a> (referer: https://hr.tencent.com/position.php?&start=0)
2018-05-11 12:23:39 [scrapy.core.engine] DEBUG: Crawled (200) <GET https://hr.tencent.com/position.php?&start=50#a> (referer: https://hr.tencent.com/position.php?&start=0)
2018-05-11 12:23:39 [scrapy.core.scraper] DEBUG: Scraped from <200 https://hr.tencent.com/position.php?&start=3960>
{'cat': ['产品/项目类'],
 'name': 'SNG01-QQ高级产品经理（深圳）',
 'people': '3',
 'place': '深圳',
 'publish': '2018-05-11'}
2018-05-11 12:23:39 [scrapy.core.scraper] DEBUG: Scraped from <200 https://hr.tencent.com/position.php?&start=70>
{'cat': ['产品/项目类'],
 'name': '21087-互动小说类资深项目管理（深圳）',
 'people': '1',
 'place': '深圳',
 'publish': '2018-05-11'}
2018-05-11 12:23:39 [scrapy.core.scraper] DEBUG: Scraped from <200 https://hr.tencent.com/position.php?&start=70>
{'cat': ['产品/项目类'],
 'name': '21087-互动小说类内容IP版权管理（深圳）',
 'people': '1',
 'place': '深圳',
 'publish': '2018-05-11'}
2018-05-11 12:23:39 [scrapy.core.scraper] DEBUG: Scraped from <200 https://hr.tencent.com/position.php?&start=70>
{'cat': ['产品/项目类'],
 'name': '21087-互动小说类游戏策划（深圳）',
 'people': '1',
 'place': '深圳',
 'publish': '2018-05-11'}
2018-05-11 12:23:39 [scrapy.core.scraper] DEBUG: Scraped from <200 https://hr.tencent.com/position.php?&start=70>
{'cat': ['产品/项目类'],
 'name': '21087-互动小说类游戏商业化运营（深圳）',
 'people': '1',
 'place': '深圳',
 'publish': '2018-05-11'}
2018-05-11 12:23:39 [scrapy.core.scraper] DEBUG: Scraped from <200 https://hr.tencent.com/position.php?&start=70>
{'cat': ['产品/项目类'],
 'name': '21087-互动小说类游戏版本管理（深圳）',
 'people': '1',
 'place': '深圳',
 'publish': '2018-05-11'}
2018-05-11 12:23:39 [scrapy.core.scraper] DEBUG: Scraped from <200 https://hr.tencent.com/position.php?&start=70>
{'cat': ['设计类'],
 'name': '21087-互动小说类美术编辑（深圳）',
 'people': '1',
 'place': '深圳',
 'publish': '2018-05-11'}
2018-05-11 12:23:39 [scrapy.core.scraper] DEBUG: Scraped from <200 https://hr.tencent.com/position.php?&start=70>
{'cat': ['内容编辑类'],
 'name': '21087-互动小说类内容编辑（深圳/北京）',
 'people': '2',
 'place': '深圳',
 'publish': '2018-05-11'}
2018-05-11 12:23:39 [scrapy.core.scraper] DEBUG: Scraped from <200 https://hr.tencent.com/position.php?&start=70>
{'cat': ['内容编辑类'],
 'name': '21087-互动小说类内容编辑（深圳/北京）',
 'people': '2',
 'place': '北京',
 'publish': '2018-05-11'}
2018-05-11 12:23:39 [scrapy.core.scraper] DEBUG: Scraped from <200 https://hr.tencent.com/position.php?&start=70>
{'cat': ['市场类'],
 'name': 'WXG06-321 微信境外支付高级区域经理（日本）微信境外支付高级区域经理（泰国）',
 'people': '1',
 'place': '泰国',
 'publish': '2018-05-11'}
2018-05-11 12:23:39 [scrapy.core.scraper] DEBUG: Scraped from <200 https://hr.tencent.com/position.php?&start=70>
{'cat': ['市场类'],
 'name': '16810-动漫商务经理（深圳）',
 'people': '1',
 'place': '深圳',
 'publish': '2018-05-11'}
2018-05-11 12:23:39 [scrapy.core.scraper] DEBUG: Scraped from <200 https://hr.tencent.com/position.php?&start=60>
{'cat': ['职能类'],
 'name': 'WH-内部沟通经理(深圳)',
 'people': '1',
 'place': '深圳',
 'publish': '2018-05-11'}
2018-05-11 12:23:39 [scrapy.core.scraper] DEBUG: Scraped from <200 https://hr.tencent.com/position.php?&start=60>
{'cat': ['技术类'],
 'name': 'MIG08-系统及安全专家',
 'people': '1',
 'place': '深圳',
 'publish': '2018-05-11'}
2018-05-11 12:23:39 [scrapy.core.scraper] DEBUG: Scraped from <200 https://hr.tencent.com/position.php?&start=60>
{'cat': ['产品/项目类'],
 'name': 'MIG06-销售运营产品经理（深圳）',
 'people': '1',
 'place': '深圳',
 'publish': '2018-05-11'}
2018-05-11 12:23:39 [scrapy.core.scraper] DEBUG: Scraped from <200 https://hr.tencent.com/position.php?&start=60>
{'cat': ['技术类'],
 'name': 'SNG04-广告业务后台工程师（上海）',
 'people': '1',
 'place': '上海',
 'publish': '2018-05-11'}
2018-05-11 12:23:39 [scrapy.core.scraper] DEBUG: Scraped from <200 https://hr.tencent.com/position.php?&start=60>
{'cat': ['技术类'],
 'name': 'SNG04-UGC质量后台开发工程师（上海）',
 'people': '1',
 'place': '上海',
 'publish': '2018-05-11'}
2018-05-11 12:23:39 [scrapy.core.scraper] DEBUG: Scraped from <200 https://hr.tencent.com/position.php?&start=60>
{'cat': ['市场类'],
 'name': '25667-运营商渠道销售（深圳）',
 'people': '2',
 'place': '深圳',
 'publish': '2018-05-11'}
2018-05-11 12:23:39 [scrapy.core.scraper] DEBUG: Scraped from <200 https://hr.tencent.com/position.php?&start=40>
{'cat': ['市场类'],
 'name': '25666-互联网电商商务拓展（深圳）',
 'people': '2',
 'place': '深圳',
 'publish': '2018-05-11'}
2018-05-11 12:23:39 [scrapy.core.scraper] DEBUG: Scraped from <200 https://hr.tencent.com/position.php?&start=40>
{'cat': ['市场类'],
 'name': '25666-智能物联（深圳）',
 'people': '3',
 'place': '深圳',
 'publish': '2018-05-11'}
2018-05-11 12:23:39 [scrapy.core.scraper] DEBUG: Scraped from <200 https://hr.tencent.com/position.php?&start=40>
{'cat': ['市场类'],
 'name': '25666-互联网企业服务销售（上海，深圳，北京  ）',
 'people': '6',
 'place': '深圳',
 'publish': '2018-05-11'}
2018-05-11 12:23:39 [scrapy.core.scraper] DEBUG: Scraped from <200 https://hr.tencent.com/position.php?&start=40>
{'cat': ['市场类'],
 'name': '25666-视频云商务拓展（北京、上海、深圳）',
 'people': '6',
 'place': '深圳',
 'publish': '2018-05-11'}
2018-05-11 12:23:39 [scrapy.core.scraper] DEBUG: Scraped from <200 https://hr.tencent.com/position.php?&start=40>
{'cat': ['技术类'],
 'name': 'MIG15-语音识别算法研究员',
 'people': '1',
 'place': '北京',
 'publish': '2018-05-11'}
2018-05-11 12:23:39 [scrapy.core.scraper] DEBUG: Scraped from <200 https://hr.tencent.com/position.php?&start=40>
{'cat': ['设计类'],
 'name': '15712-游戏UI视觉(深圳)',
 'people': '1',
 'place': '深圳',
 'publish': '2018-05-11'}
2018-05-11 12:23:39 [scrapy.core.scraper] DEBUG: Scraped from <200 https://hr.tencent.com/position.php?&start=40>
{'cat': ['职能类'],
 'name': 'IEG-HRBP（深圳）',
 'people': '1',
 'place': '深圳',
 'publish': '2018-05-11'}
2018-05-11 12:23:39 [scrapy.core.scraper] DEBUG: Scraped from <200 https://hr.tencent.com/position.php?&start=40>
{'cat': ['产品/项目类'],
 'name': '21309-高级产品经理（深圳）',
 'people': '1',
 'place': '深圳',
 'publish': '2018-05-11'}
2018-05-11 12:23:39 [scrapy.core.scraper] DEBUG: Scraped from <200 https://hr.tencent.com/position.php?&start=40>
{'cat': ['产品/项目类'],
 'name': 'WXG01-211 微信合作产品经理（广州）',
 'people': '1',
 'place': '广州',
 'publish': '2018-05-11'}
2018-05-11 12:23:39 [scrapy.core.scraper] DEBUG: Scraped from <200 https://hr.tencent.com/position.php?&start=40>
{'cat': ['技术类'],
 'name': '25928-测试开发工程师（深圳）',
 'people': '2',
 'place': '深圳',
 'publish': '2018-05-11'}
2018-05-11 12:23:39 [scrapy.core.scraper] DEBUG: Scraped from <200 https://hr.tencent.com/position.php?&start=60>
{'cat': ['职能类'],
 'name': 'S2-电竞合资公司财务总监',
 'people': '1',
 'place': '上海',
 'publish': '2018-05-11'}
2018-05-11 12:23:39 [scrapy.core.scraper] DEBUG: Scraped from <200 https://hr.tencent.com/position.php?&start=60>
{'cat': ['技术类'],
 'name': '25928-Web后台开发高级工程师（上海）',
 'people': '1',
 'place': '上海',
 'publish': '2018-05-11'}
2018-05-11 12:23:39 [scrapy.core.scraper] DEBUG: Scraped from <200 https://hr.tencent.com/position.php?&start=60>
{'cat': ['产品/项目类'],
 'name': '21087-互动小说游戏资深运营经理（深圳）',
 'people': '1',
 'place': '深圳',
 'publish': '2018-05-11'}
2018-05-11 12:23:39 [scrapy.core.scraper] DEBUG: Scraped from <200 https://hr.tencent.com/position.php?&start=60>
{'cat': ['内容编辑类'],
 'name': '21087-互动小说类资深内容责编（深圳）',
 'people': '1',
 'place': '深圳',
 'publish': '2018-05-11'}
2018-05-11 12:23:39 [scrapy.core.scraper] DEBUG: Scraped from <200 https://hr.tencent.com/position.php?&start=30>
{'cat': ['产品/项目类'],
 'name': '19332-企点会员高级产品经理（上海）',
 'people': '1',
 'place': '上海',
 'publish': '2018-05-11'}
2018-05-11 12:23:39 [scrapy.core.scraper] DEBUG: Scraped from <200 https://hr.tencent.com/position.php?&start=30>
{'cat': ['市场类'],
 'name': '25666-腾讯云广电行业商务拓展（ 北京/上海/深圳）',
 'people': '6',
 'place': '深圳',
 'publish': '2018-05-11'}
2018-05-11 12:23:39 [scrapy.core.scraper] DEBUG: Scraped from <200 https://hr.tencent.com/position.php?&start=30>
{'cat': ['市场类'],
 'name': '25666-政务民生行业销售经理（中央部委/区域）（深圳）',
 'people': '4',
 'place': '深圳',
 'publish': '2018-05-11'}
2018-05-11 12:23:39 [scrapy.core.scraper] DEBUG: Scraped from <200 https://hr.tencent.com/position.php?&start=30>
{'cat': ['市场类'],
 'name': '25666-深度定制云KA商务拓展（北京）',
 'people': '2',
 'place': '北京',
 'publish': '2018-05-11'}
2018-05-11 12:23:39 [scrapy.core.scraper] DEBUG: Scraped from <200 https://hr.tencent.com/position.php?&start=30>
{'cat': ['市场类'],
 'name': '25666-SMB区域商务拓展（广州、深圳）',
 'people': '4',
 'place': '深圳',
 'publish': '2018-05-11'}
2018-05-11 12:23:39 [scrapy.core.scraper] DEBUG: Scraped from <200 https://hr.tencent.com/position.php?&start=30>
{'cat': ['内容编辑类'],
 'name': '24546-内容运营编辑(北京)',
 'people': '1',
 'place': '北京',
 'publish': '2018-05-11'}
2018-05-11 12:23:39 [scrapy.core.scraper] DEBUG: Scraped from <200 https://hr.tencent.com/position.php?&start=30>
{'cat': ['技术类'],
 'name': '25928-测试开发工程师（深圳）',
 'people': '2',
 'place': '深圳',
 'publish': '2018-05-11'}
2018-05-11 12:23:39 [scrapy.core.scraper] DEBUG: Scraped from <200 https://hr.tencent.com/position.php?&start=30>
{'cat': ['内容编辑类'],
 'name': '22851-腾讯视频电视剧频道运营编辑',
 'people': '1',
 'place': '北京',
 'publish': '2018-05-11'}
2018-05-11 12:23:39 [scrapy.core.scraper] DEBUG: Scraped from <200 https://hr.tencent.com/position.php?&start=30>
{'cat': ['产品/项目类'],
 'name': 'SNG04-看点内容搜索产品经理（深圳）',
 'people': '1',
 'place': '深圳',
 'publish': '2018-05-11'}
2018-05-11 12:23:39 [scrapy.core.scraper] DEBUG: Scraped from <200 https://hr.tencent.com/position.php?&start=30>
{'cat': ['产品/项目类'],
 'name': 'SNG03-B侧高级产品运营经理（深圳）',
 'people': '1',
 'place': '深圳',
 'publish': '2018-05-11'}
2018-05-11 12:23:39 [scrapy.core.scraper] DEBUG: Scraped from <200 https://hr.tencent.com/position.php?&start=20>
{'cat': ['技术类'],
 'name': 'MIG16-腾讯车联合资公司后台研发（北京）',
 'people': '1',
 'place': '北京',
 'publish': '2018-05-11'}
2018-05-11 12:23:39 [scrapy.core.scraper] DEBUG: Scraped from <200 https://hr.tencent.com/position.php?&start=20>
{'cat': ['技术类'],
 'name': 'MIG16-腾讯车联合资公司Android研发（北京）',
 'people': '1',
 'place': '北京',
 'publish': '2018-05-11'}
2018-05-11 12:23:39 [scrapy.core.scraper] DEBUG: Scraped from <200 https://hr.tencent.com/position.php?&start=20>
{'cat': ['产品/项目类'],
 'name': 'SNG04-账号系统策划经理（上海）',
 'people': '1',
 'place': '上海',
 'publish': '2018-05-11'}
2018-05-11 12:23:39 [scrapy.core.scraper] DEBUG: Scraped from <200 https://hr.tencent.com/position.php?&start=20>
{'cat': ['产品/项目类'],
 'name': 'SNG04-数据产品经理（上海）',
 'people': '2',
 'place': '上海',
 'publish': '2018-05-11'}
2018-05-11 12:23:39 [scrapy.core.scraper] DEBUG: Scraped from <200 https://hr.tencent.com/position.php?&start=20>
{'cat': ['产品/项目类'],
 'name': 'SNG04-后台内容策划经理（上海）',
 'people': '2',
 'place': '上海',
 'publish': '2018-05-11'}
2018-05-11 12:23:39 [scrapy.core.scraper] DEBUG: Scraped from <200 https://hr.tencent.com/position.php?&start=20>
{'cat': ['产品/项目类'],
 'name': 'SNG04-内容平台产品经理（内容策略）（上海）',
 'people': '2',
 'place': '上海',
 'publish': '2018-05-11'}
2018-05-11 12:23:39 [scrapy.core.scraper] DEBUG: Scraped from <200 https://hr.tencent.com/position.php?&start=20>
{'cat': ['产品/项目类'],
 'name': 'SNG04-资深广告产品经理（上海）',
 'people': '1',
 'place': '上海',
 'publish': '2018-05-11'}
2018-05-11 12:23:39 [scrapy.core.scraper] DEBUG: Scraped from <200 https://hr.tencent.com/position.php?&start=20>
{'cat': ['产品/项目类'],
 'name': 'MIG16-专题数据中心高级地图数据产品经理',
 'people': '1',
 'place': '北京',
 'publish': '2018-05-11'}
2018-05-11 12:23:39 [scrapy.core.scraper] DEBUG: Scraped from <200 https://hr.tencent.com/position.php?&start=20>
{'cat': ['市场类'],
 'name': '25666-互联网企业服务销售（北京、深圳、上海）',
 'people': '6',
 'place': '深圳',
 'publish': '2018-05-11'}
2018-05-11 12:23:39 [scrapy.core.scraper] DEBUG: Scraped from <200 https://hr.tencent.com/position.php?&start=20>
{'cat': ['职能类'],
 'name': '18924-SNG行政经理（深圳）',
 'people': '1',
 'place': '深圳',
 'publish': '2018-05-11'}
2018-05-11 12:23:39 [scrapy.core.scraper] DEBUG: Scraped from <200 https://hr.tencent.com/position.php?&start=50>
{'cat': ['技术类'],
 'name': '25928-游戏客户端开发高级工程师（上海）',
 'people': '1',
 'place': '上海',
 'publish': '2018-05-11'}
2018-05-11 12:23:39 [scrapy.core.scraper] DEBUG: Scraped from <200 https://hr.tencent.com/position.php?&start=50>
{'cat': ['技术类'],
 'name': 'SNG07-测试开发工程师（上海）',
 'people': '1',
 'place': '上海',
 'publish': '2018-05-11'}
2018-05-11 12:23:39 [scrapy.core.scraper] DEBUG: Scraped from <200 https://hr.tencent.com/position.php?&start=50>
{'cat': ['技术类'],
 'name': 'SNG04-QQ看点视频处理中心高级后台开发（上海）',
 'people': '2',
 'place': '上海',
 'publish': '2018-05-11'}
2018-05-11 12:23:39 [scrapy.core.scraper] DEBUG: Scraped from <200 https://hr.tencent.com/position.php?&start=50>
{'cat': ['产品/项目类'],
 'name': '21309-流量运营/广告投放（深圳）',
 'people': '1',
 'place': '深圳',
 'publish': '2018-05-11'}
2018-05-11 12:23:39 [scrapy.core.scraper] DEBUG: Scraped from <200 https://hr.tencent.com/position.php?&start=50>
{'cat': ['技术类'],
 'name': 'SNG11-运营开发工程师（深圳）',
 'people': '1',
 'place': '深圳',
 'publish': '2018-05-11'}
2018-05-11 12:23:39 [scrapy.core.scraper] DEBUG: Scraped from <200 https://hr.tencent.com/position.php?&start=50>
{'cat': ['产品/项目类'],
 'name': 'MIG08-大数据项目经理',
 'people': '1',
 'place': '广州',
 'publish': '2018-05-11'}
2018-05-11 12:23:39 [scrapy.core.scraper] DEBUG: Scraped from <200 https://hr.tencent.com/position.php?&start=50>
{'cat': ['技术类'],
 'name': 'MIG12-大数据平台高级架构师（深圳）',
 'people': '1',
 'place': '深圳',
 'publish': '2018-05-11'}
2018-05-11 12:23:39 [scrapy.core.scraper] DEBUG: Scraped from <200 https://hr.tencent.com/position.php?&start=50>
{'cat': ['技术类'],
 'name': 'MIG08-后台开发高级工程师(广州)(腾讯WiFi管家)',
 'people': '1',
 'place': '广州',
 'publish': '2018-05-11'}
2018-05-11 12:23:39 [scrapy.core.scraper] DEBUG: Scraped from <200 https://hr.tencent.com/position.php?&start=50>
{'cat': ['产品/项目类'],
 'name': 'MIG16-车联网大数据及算法产品经理',
 'people': '1',
 'place': '北京',
 'publish': '2018-05-11'}
2018-05-11 12:23:39 [scrapy.core.scraper] DEBUG: Scraped from <200 https://hr.tencent.com/position.php?&start=50>
{'cat': ['技术类'],
 'name': 'WXG07-115 web前端研发工程师（广州）',
 'people': '1',
 'place': '广州',
 'publish': '2018-05-11'}
2018-05-11 12:23:39 [scrapy.core.engine] INFO: Closing spider (finished)
2018-05-11 12:23:39 [scrapy.statscollectors] INFO: Dumping Scrapy stats:
{'downloader/request_bytes': 2402,
 'downloader/request_count': 9,
 'downloader/request_method_count/GET': 9,
 'downloader/response_bytes': 34615,
 'downloader/response_count': 9,
 'downloader/response_status_count/200': 9,
 'finish_reason': 'finished',
 'finish_time': datetime.datetime(2018, 5, 11, 4, 23, 39, 806134),
 'item_scraped_count': 71,
 'log_count/DEBUG': 81,
 'log_count/INFO': 7,
 'memusage/max': 53293056,
 'memusage/startup': 53293056,
 'request_depth_max': 1,
 'response_received_count': 9,
 'scheduler/dequeued': 9,
 'scheduler/dequeued/memory': 9,
 'scheduler/enqueued': 9,
 'scheduler/enqueued/memory': 9,
 'start_time': datetime.datetime(2018, 5, 11, 4, 23, 38, 552251)}
2018-05-11 12:23:39 [scrapy.core.engine] INFO: Spider closed (finished)
